This is pdfTeX, Version 3.14159265-2.6-1.40.19 (TeX Live 2018) (preloaded format=pdflatex 2018.8.29)  25 SEP 2018 21:18
entering extended mode
 restricted \write18 enabled.
 %&-line parsing enabled.
**main.tex
(./main.tex
LaTeX2e <2018-04-01> patch level 2
Babel <3.18> and hyphenation patterns for 84 language(s) loaded.
(/usr/local/texlive/2018/texmf-dist/tex/latex/base/article.cls
Document Class: article 2014/09/29 v1.4h Standard LaTeX document class
(/usr/local/texlive/2018/texmf-dist/tex/latex/base/size11.clo
File: size11.clo 2014/09/29 v1.4h Standard LaTeX file (size option)
)
\c@part=\count80
\c@section=\count81
\c@subsection=\count82
\c@subsubsection=\count83
\c@paragraph=\count84
\c@subparagraph=\count85
\c@figure=\count86
\c@table=\count87
\abovecaptionskip=\skip41
\belowcaptionskip=\skip42
\bibindent=\dimen102
)
(/usr/local/texlive/2018/texmf-dist/tex/latex/base/inputenc.sty
Package: inputenc 2018/04/06 v1.3b Input encoding file
\inpenc@prehook=\toks14
\inpenc@posthook=\toks15

(/usr/local/texlive/2018/texmf-dist/tex/latex/base/ansinew.def
File: ansinew.def 2018/04/06 v1.3b Input encoding file
))
(/usr/local/texlive/2018/texmf-dist/tex/latex/graphics/epsfig.sty
Package: epsfig 2017/06/25 v1.7b (e)psfig emulation (SPQR)

(/usr/local/texlive/2018/texmf-dist/tex/latex/graphics/graphicx.sty
Package: graphicx 2017/06/01 v1.1a Enhanced LaTeX Graphics (DPC,SPQR)

(/usr/local/texlive/2018/texmf-dist/tex/latex/graphics/keyval.sty
Package: keyval 2014/10/28 v1.15 key=value parser (DPC)
\KV@toks@=\toks16
)
(/usr/local/texlive/2018/texmf-dist/tex/latex/graphics/graphics.sty
Package: graphics 2017/06/25 v1.2c Standard LaTeX Graphics (DPC,SPQR)

(/usr/local/texlive/2018/texmf-dist/tex/latex/graphics/trig.sty
Package: trig 2016/01/03 v1.10 sin cos tan (DPC)
)
(/usr/local/texlive/2018/texmf-dist/tex/latex/graphics-cfg/graphics.cfg
File: graphics.cfg 2016/06/04 v1.11 sample graphics configuration
)
Package graphics Info: Driver file: pdftex.def on input line 99.

(/usr/local/texlive/2018/texmf-dist/tex/latex/graphics-def/pdftex.def
File: pdftex.def 2018/01/08 v1.0l Graphics/color driver for pdftex
))
\Gin@req@height=\dimen103
\Gin@req@width=\dimen104
)
\epsfxsize=\dimen105
\epsfysize=\dimen106
)
(/usr/local/texlive/2018/texmf-dist/tex/latex/oberdiek/epstopdf.sty
Package: epstopdf 2016/05/15 v2.6 Conversion with epstopdf on the fly (HO)

(/usr/local/texlive/2018/texmf-dist/tex/latex/oberdiek/epstopdf-base.sty
Package: epstopdf-base 2016/05/15 v2.6 Base part for package epstopdf

(/usr/local/texlive/2018/texmf-dist/tex/generic/oberdiek/infwarerr.sty
Package: infwarerr 2016/05/16 v1.4 Providing info/warning/error messages (HO)
)
(/usr/local/texlive/2018/texmf-dist/tex/latex/oberdiek/grfext.sty
Package: grfext 2016/05/16 v1.2 Manage graphics extensions (HO)

(/usr/local/texlive/2018/texmf-dist/tex/generic/oberdiek/kvdefinekeys.sty
Package: kvdefinekeys 2016/05/16 v1.4 Define keys (HO)

(/usr/local/texlive/2018/texmf-dist/tex/generic/oberdiek/ltxcmds.sty
Package: ltxcmds 2016/05/16 v1.23 LaTeX kernel commands for general use (HO)
)))
(/usr/local/texlive/2018/texmf-dist/tex/latex/oberdiek/kvoptions.sty
Package: kvoptions 2016/05/16 v3.12 Key value format for package options (HO)

(/usr/local/texlive/2018/texmf-dist/tex/generic/oberdiek/kvsetkeys.sty
Package: kvsetkeys 2016/05/16 v1.17 Key value parser (HO)

(/usr/local/texlive/2018/texmf-dist/tex/generic/oberdiek/etexcmds.sty
Package: etexcmds 2016/05/16 v1.6 Avoid name clashes with e-TeX commands (HO)

(/usr/local/texlive/2018/texmf-dist/tex/generic/oberdiek/ifluatex.sty
Package: ifluatex 2016/05/16 v1.4 Provides the ifluatex switch (HO)
Package ifluatex Info: LuaTeX not detected.
)
Package etexcmds Info: Could not find \expanded.
(etexcmds)             That can mean that you are not using pdfTeX 1.50 or
(etexcmds)             that some package has redefined \expanded.
(etexcmds)             In the latter case, load this package earlier.
)))
(/usr/local/texlive/2018/texmf-dist/tex/generic/oberdiek/pdftexcmds.sty
Package: pdftexcmds 2018/01/30 v0.27 Utility functions of pdfTeX for LuaTeX (HO
)

(/usr/local/texlive/2018/texmf-dist/tex/generic/oberdiek/ifpdf.sty
Package: ifpdf 2017/03/15 v3.2 Provides the ifpdf switch
)
Package pdftexcmds Info: LuaTeX not detected.
Package pdftexcmds Info: \pdf@primitive is available.
Package pdftexcmds Info: \pdf@ifprimitive is available.
Package pdftexcmds Info: \pdfdraftmode found.
)
Package epstopdf-base Info: Redefining graphics rule for `.eps' on input line 4
38.
Package grfext Info: Graphics extension search list:
(grfext)             [.pdf,.png,.jpg,.mps,.jpeg,.jbig2,.jb2,.PDF,.PNG,.JPG,.JPE
G,.JBIG2,.JB2,.eps]
(grfext)             \AppendGraphicsExtensions on input line 456.

(/usr/local/texlive/2018/texmf-dist/tex/latex/latexconfig/epstopdf-sys.cfg
File: epstopdf-sys.cfg 2010/07/13 v1.3 Configuration of (r)epstopdf for TeX Liv
e
)))
(/usr/local/texlive/2018/texmf-dist/tex/latex/titlesec/titlesec.sty
Package: titlesec 2016/03/21 v2.10.2 Sectioning titles
\ttl@box=\box26
\beforetitleunit=\skip43
\aftertitleunit=\skip44
\ttl@plus=\dimen107
\ttl@minus=\dimen108
\ttl@toksa=\toks17
\titlewidth=\dimen109
\titlewidthlast=\dimen110
\titlewidthfirst=\dimen111
)
(/usr/local/texlive/2018/texmf-dist/tex/latex/fancyhdr/fancyhdr.sty
Package: fancyhdr 2017/06/30 v3.9a Extensive control of page headers and footer
s
\f@nch@headwidth=\skip45
\f@nch@O@elh=\skip46
\f@nch@O@erh=\skip47
\f@nch@O@olh=\skip48
\f@nch@O@orh=\skip49
\f@nch@O@elf=\skip50
\f@nch@O@erf=\skip51
\f@nch@O@olf=\skip52
\f@nch@O@orf=\skip53
)
(/usr/local/texlive/2018/texmf-dist/tex/latex/amsmath/amsmath.sty
Package: amsmath 2017/09/02 v2.17a AMS math features
\@mathmargin=\skip54

For additional information on amsmath, use the `?' option.
(/usr/local/texlive/2018/texmf-dist/tex/latex/amsmath/amstext.sty
Package: amstext 2000/06/29 v2.01 AMS text

(/usr/local/texlive/2018/texmf-dist/tex/latex/amsmath/amsgen.sty
File: amsgen.sty 1999/11/30 v2.0 generic functions
\@emptytoks=\toks18
\ex@=\dimen112
))
(/usr/local/texlive/2018/texmf-dist/tex/latex/amsmath/amsbsy.sty
Package: amsbsy 1999/11/29 v1.2d Bold Symbols
\pmbraise@=\dimen113
)
(/usr/local/texlive/2018/texmf-dist/tex/latex/amsmath/amsopn.sty
Package: amsopn 2016/03/08 v2.02 operator names
)
\inf@bad=\count88
LaTeX Info: Redefining \frac on input line 213.
\uproot@=\count89
\leftroot@=\count90
LaTeX Info: Redefining \overline on input line 375.
\classnum@=\count91
\DOTSCASE@=\count92
LaTeX Info: Redefining \ldots on input line 472.
LaTeX Info: Redefining \dots on input line 475.
LaTeX Info: Redefining \cdots on input line 596.
\Mathstrutbox@=\box27
\strutbox@=\box28
\big@size=\dimen114
LaTeX Font Info:    Redeclaring font encoding OML on input line 712.
LaTeX Font Info:    Redeclaring font encoding OMS on input line 713.
\macc@depth=\count93
\c@MaxMatrixCols=\count94
\dotsspace@=\muskip10
\c@parentequation=\count95
\dspbrk@lvl=\count96
\tag@help=\toks19
\row@=\count97
\column@=\count98
\maxfields@=\count99
\andhelp@=\toks20
\eqnshift@=\dimen115
\alignsep@=\dimen116
\tagshift@=\dimen117
\tagwidth@=\dimen118
\totwidth@=\dimen119
\lineht@=\dimen120
\@envbody=\toks21
\multlinegap=\skip55
\multlinetaggap=\skip56
\mathdisplay@stack=\toks22
LaTeX Info: Redefining \[ on input line 2817.
LaTeX Info: Redefining \] on input line 2818.
)
(/usr/local/texlive/2018/texmf-dist/tex/latex/amsfonts/amssymb.sty
Package: amssymb 2013/01/14 v3.01 AMS font symbols

(/usr/local/texlive/2018/texmf-dist/tex/latex/amsfonts/amsfonts.sty
Package: amsfonts 2013/01/14 v3.01 Basic AMSFonts support
\symAMSa=\mathgroup4
\symAMSb=\mathgroup5
LaTeX Font Info:    Overwriting math alphabet `\mathfrak' in version `bold'
(Font)                  U/euf/m/n --> U/euf/b/n on input line 106.
))
(/usr/local/texlive/2018/texmf-dist/tex/latex/tools/theorem.sty
Package: theorem 2014/10/28 v2.2c Theorem extension package (FMi)
\theorem@style=\toks23
\theorem@bodyfont=\toks24
\theorempreskipamount=\skip57
\theorempostskipamount=\skip58

(/usr/local/texlive/2018/texmf-dist/tex/latex/tools/thp.sty
File: thp.sty 2014/10/28 v2.2c Theorem extension package (FMi)
))
(/usr/local/texlive/2018/texmf-dist/tex/latex/subfigure/subfigure.sty
Package: subfigure 2002/03/15 v2.1.5 subfigure package
\subfigtopskip=\skip59
\subfigcapskip=\skip60
\subfigcaptopadj=\dimen121
\subfigbottomskip=\skip61
\subfigcapmargin=\dimen122
\subfiglabelskip=\skip62
\c@subfigure=\count100
\c@lofdepth=\count101
\c@subtable=\count102
\c@lotdepth=\count103

****************************************
* Local config file subfigure.cfg used *
****************************************
(/usr/local/texlive/2018/texmf-dist/tex/latex/subfigure/subfigure.cfg)
\subfig@top=\skip63
\subfig@bottom=\skip64
)
(/usr/local/texlive/2018/texmf-dist/tex/latex/booktabs/booktabs.sty
Package: booktabs 2016/04/27 v1.618033 publication quality tables
\heavyrulewidth=\dimen123
\lightrulewidth=\dimen124
\cmidrulewidth=\dimen125
\belowrulesep=\dimen126
\belowbottomsep=\dimen127
\aboverulesep=\dimen128
\abovetopsep=\dimen129
\cmidrulesep=\dimen130
\cmidrulekern=\dimen131
\defaultaddspace=\dimen132
\@cmidla=\count104
\@cmidlb=\count105
\@aboverulesep=\dimen133
\@belowrulesep=\dimen134
\@thisruleclass=\count106
\@lastruleclass=\count107
\@thisrulewidth=\dimen135
)
(/usr/local/texlive/2018/texmf-dist/tex/latex/eurosym/eurosym.sty
Package: eurosym 1998/08/06 v1.1 European currency symbol ``Euro''
\@eurobox=\box29
)
(/usr/local/texlive/2018/texmf-dist/tex/latex/was/gensymb.sty
Package: gensymb 2003/07/02 v1.0 (WaS)
)
(/usr/local/texlive/2018/texmf-dist/tex/latex/base/flafter.sty
Package: flafter 2018/01/08 v1.4c Standard LaTeX floats after reference (FMi)
Applying: [2015/01/01] float order in 2-column on input line 49.
Already applied: [0000/00/00] float order in 2-column on input line 151.
)
(/usr/local/texlive/2018/texmf-dist/tex/latex/base/exscale.sty
Package: exscale 2014/09/29 v2.1h Standard LaTeX package exscale
LaTeX Font Info:    Redeclaring symbol font `largesymbols' on input line 57.
LaTeX Font Info:    Overwriting symbol font `largesymbols' in version `normal'
(Font)                  OMX/cmex/m/n --> OMX/cmex/m/n on input line 57.
LaTeX Font Info:    Overwriting symbol font `largesymbols' in version `bold'
(Font)                  OMX/cmex/m/n --> OMX/cmex/m/n on input line 57.
\big@size=\dimen136
)
(/usr/local/texlive/2018/texmf-dist/tex/latex/float/float.sty
Package: float 2001/11/08 v1.3d Float enhancements (AL)
\c@float@type=\count108
\float@exts=\toks25
\float@box=\box30
\@float@everytoks=\toks26
\@floatcapt=\box31
)
(/usr/local/texlive/2018/texmf-dist/tex/latex/psfrag/psfrag.sty
Package: psfrag 1998/04/11 v3.04 PSfrag (MCG)
\pfg@pcount=\count109
\pfg@scount=\count110
\pfg@temp=\write3
)
(/usr/local/texlive/2018/texmf-dist/tex/latex/listings/listings.sty
\lst@mode=\count111
\lst@gtempboxa=\box32
\lst@token=\toks27
\lst@length=\count112
\lst@currlwidth=\dimen137
\lst@column=\count113
\lst@pos=\count114
\lst@lostspace=\dimen138
\lst@width=\dimen139
\lst@newlines=\count115
\lst@lineno=\count116
\lst@maxwidth=\dimen140

(/usr/local/texlive/2018/texmf-dist/tex/latex/listings/lstmisc.sty
File: lstmisc.sty 2015/06/04 1.6 (Carsten Heinz)
\c@lstnumber=\count117
\lst@skipnumbers=\count118
\lst@framebox=\box33
)
(/usr/local/texlive/2018/texmf-dist/tex/latex/listings/listings.cfg
File: listings.cfg 2015/06/04 1.6 listings configuration
))
Package: listings 2015/06/04 1.6 (Carsten Heinz)

(/usr/local/texlive/2018/texmf-dist/tex/latex/graphics/color.sty
Package: color 2016/07/10 v1.1e Standard LaTeX Color (DPC)

(/usr/local/texlive/2018/texmf-dist/tex/latex/graphics-cfg/color.cfg
File: color.cfg 2016/01/02 v1.6 sample color configuration
)
Package color Info: Driver file: pdftex.def on input line 147.
)
(/usr/local/texlive/2018/texmf-dist/tex/latex/xcolor/xcolor.sty
Package: xcolor 2016/05/11 v2.12 LaTeX color extensions (UK)

(/usr/local/texlive/2018/texmf-dist/tex/latex/graphics-cfg/color.cfg
File: color.cfg 2016/01/02 v1.6 sample color configuration
)
Package xcolor Info: Driver file: pdftex.def on input line 225.
LaTeX Info: Redefining \color on input line 709.
Package xcolor Info: Model `cmy' substituted by `cmy0' on input line 1348.
Package xcolor Info: Model `hsb' substituted by `rgb' on input line 1352.
Package xcolor Info: Model `RGB' extended on input line 1364.
Package xcolor Info: Model `HTML' substituted by `rgb' on input line 1366.
Package xcolor Info: Model `Hsb' substituted by `hsb' on input line 1367.
Package xcolor Info: Model `tHsb' substituted by `hsb' on input line 1368.
Package xcolor Info: Model `HSB' substituted by `hsb' on input line 1369.
Package xcolor Info: Model `Gray' substituted by `gray' on input line 1370.
Package xcolor Info: Model `wave' substituted by `hsb' on input line 1371.
)
(/usr/local/texlive/2018/texmf-dist/tex/latex/hyperref/hyperref.sty
Package: hyperref 2018/02/06 v6.86b Hypertext links for LaTeX

(/usr/local/texlive/2018/texmf-dist/tex/generic/oberdiek/hobsub-hyperref.sty
Package: hobsub-hyperref 2016/05/16 v1.14 Bundle oberdiek, subset hyperref (HO)


(/usr/local/texlive/2018/texmf-dist/tex/generic/oberdiek/hobsub-generic.sty
Package: hobsub-generic 2016/05/16 v1.14 Bundle oberdiek, subset generic (HO)
Package: hobsub 2016/05/16 v1.14 Construct package bundles (HO)
Package hobsub Info: Skipping package `infwarerr' (already loaded).
Package hobsub Info: Skipping package `ltxcmds' (already loaded).
Package hobsub Info: Skipping package `ifluatex' (already loaded).
Package: ifvtex 2016/05/16 v1.6 Detect VTeX and its facilities (HO)
Package ifvtex Info: VTeX not detected.
Package: intcalc 2016/05/16 v1.2 Expandable calculations with integers (HO)
Package hobsub Info: Skipping package `ifpdf' (already loaded).
Package hobsub Info: Skipping package `etexcmds' (already loaded).
Package hobsub Info: Skipping package `kvsetkeys' (already loaded).
Package hobsub Info: Skipping package `kvdefinekeys' (already loaded).
Package hobsub Info: Skipping package `pdftexcmds' (already loaded).
Package: pdfescape 2016/05/16 v1.14 Implements pdfTeX's escape features (HO)
Package: bigintcalc 2016/05/16 v1.4 Expandable calculations on big integers (HO
)
Package: bitset 2016/05/16 v1.2 Handle bit-vector datatype (HO)
Package: uniquecounter 2016/05/16 v1.3 Provide unlimited unique counter (HO)
)
Package hobsub Info: Skipping package `hobsub' (already loaded).
Package: letltxmacro 2016/05/16 v1.5 Let assignment for LaTeX macros (HO)
Package: hopatch 2016/05/16 v1.3 Wrapper for package hooks (HO)
Package: xcolor-patch 2016/05/16 xcolor patch
Package: atveryend 2016/05/16 v1.9 Hooks at the very end of document (HO)
Package atveryend Info: \enddocument detected (standard20110627).
Package: atbegshi 2016/06/09 v1.18 At begin shipout hook (HO)
Package: refcount 2016/05/16 v3.5 Data extraction from label references (HO)
Package: hycolor 2016/05/16 v1.8 Color options for hyperref/bookmark (HO)
)
(/usr/local/texlive/2018/texmf-dist/tex/generic/ifxetex/ifxetex.sty
Package: ifxetex 2010/09/12 v0.6 Provides ifxetex conditional
)
(/usr/local/texlive/2018/texmf-dist/tex/latex/oberdiek/auxhook.sty
Package: auxhook 2016/05/16 v1.4 Hooks for auxiliary files (HO)
)
\@linkdim=\dimen141
\Hy@linkcounter=\count119
\Hy@pagecounter=\count120

(/usr/local/texlive/2018/texmf-dist/tex/latex/hyperref/pd1enc.def
File: pd1enc.def 2018/02/06 v6.86b Hyperref: PDFDocEncoding definition (HO)
Now handling font encoding PD1 ...
... no UTF-8 mapping file for font encoding PD1
)
\Hy@SavedSpaceFactor=\count121

(/usr/local/texlive/2018/texmf-dist/tex/latex/latexconfig/hyperref.cfg
File: hyperref.cfg 2002/06/06 v1.2 hyperref configuration of TeXLive
)
Package hyperref Info: Option `colorlinks' set `true' on input line 4383.
Package hyperref Info: Option `breaklinks' set `true' on input line 4383.
Package hyperref Info: Hyper figures OFF on input line 4509.
Package hyperref Info: Link nesting OFF on input line 4514.
Package hyperref Info: Hyper index ON on input line 4517.
Package hyperref Info: Plain pages OFF on input line 4524.
Package hyperref Info: Backreferencing OFF on input line 4529.
Package hyperref Info: Implicit mode ON; LaTeX internals redefined.
Package hyperref Info: Bookmarks ON on input line 4762.
\c@Hy@tempcnt=\count122

(/usr/local/texlive/2018/texmf-dist/tex/latex/url/url.sty
\Urlmuskip=\muskip11
Package: url 2013/09/16  ver 3.4  Verb mode for urls, etc.
)
LaTeX Info: Redefining \url on input line 5115.
\XeTeXLinkMargin=\dimen142
\Fld@menulength=\count123
\Field@Width=\dimen143
\Fld@charsize=\dimen144
Package hyperref Info: Hyper figures OFF on input line 6369.
Package hyperref Info: Link nesting OFF on input line 6374.
Package hyperref Info: Hyper index ON on input line 6377.
Package hyperref Info: backreferencing OFF on input line 6384.
Package hyperref Info: Link coloring ON on input line 6387.
Package hyperref Info: Link coloring with OCG OFF on input line 6394.
Package hyperref Info: PDF/A mode OFF on input line 6399.
LaTeX Info: Redefining \ref on input line 6439.
LaTeX Info: Redefining \pageref on input line 6443.
\Hy@abspage=\count124
\c@Item=\count125
\c@Hfootnote=\count126
)
Package hyperref Info: Driver (autodetected): hpdftex.

(/usr/local/texlive/2018/texmf-dist/tex/latex/hyperref/hpdftex.def
File: hpdftex.def 2018/02/06 v6.86b Hyperref driver for pdfTeX
\Fld@listcount=\count127
\c@bookmark@seq@number=\count128

(/usr/local/texlive/2018/texmf-dist/tex/latex/oberdiek/rerunfilecheck.sty
Package: rerunfilecheck 2016/05/16 v1.8 Rerun checks for auxiliary files (HO)
Package uniquecounter Info: New unique counter `rerunfilecheck' on input line 2
82.
)
\Hy@SectionHShift=\skip65
)
(/usr/local/texlive/2018/texmf-dist/tex/latex/listings/lstlang1.sty
File: lstlang1.sty 2015/06/04 1.6 listings language file
)

LaTeX Warning: Unused global option(s):
    [a4].

(./main.aux (./sections/abstract.aux) (./sections/Introduction.aux)
(./sections/Pipelessplant.aux) (./sections/selection_process.aux

LaTeX Warning: Label `my-label' multiply defined.

) (./sections/TheoreticalBackground.aux) (./sections/Hardware.aux)
(./sections/Simulation.aux) (./sections/Implementation.aux)
(./sections/Conclusion.aux) (./sections/futurework.aux)
(./sections/References.aux) (./sections/Appendixes.aux

LaTeX Warning: Label `Sec_AppM' multiply defined.


LaTeX Warning: Label `Sec_AppM' multiply defined.


LaTeX Warning: Label `Sec_AppM' multiply defined.


LaTeX Warning: Label `Sec_AppM' multiply defined.

))
\openout1 = `main.aux'.

LaTeX Font Info:    Checking defaults for OML/cmm/m/it on input line 83.
LaTeX Font Info:    ... okay on input line 83.
LaTeX Font Info:    Checking defaults for T1/cmr/m/n on input line 83.
LaTeX Font Info:    ... okay on input line 83.
LaTeX Font Info:    Checking defaults for OT1/cmr/m/n on input line 83.
LaTeX Font Info:    ... okay on input line 83.
LaTeX Font Info:    Checking defaults for OMS/cmsy/m/n on input line 83.
LaTeX Font Info:    ... okay on input line 83.
LaTeX Font Info:    Checking defaults for OMX/cmex/m/n on input line 83.
LaTeX Font Info:    ... okay on input line 83.
LaTeX Font Info:    Checking defaults for U/cmr/m/n on input line 83.
LaTeX Font Info:    ... okay on input line 83.
LaTeX Font Info:    Checking defaults for PD1/pdf/m/n on input line 83.
LaTeX Font Info:    ... okay on input line 83.
 (/usr/local/texlive/2018/texmf-dist/tex/context/base/mkii/supp-pdf.mkii
[Loading MPS to PDF converter (version 2006.09.02).]
\scratchcounter=\count129
\scratchdimen=\dimen145
\scratchbox=\box34
\nofMPsegments=\count130
\nofMParguments=\count131
\everyMPshowfont=\toks28
\MPscratchCnt=\count132
\MPscratchDim=\dimen146
\MPnumerator=\count133
\makeMPintoPDFobject=\count134
\everyMPtoPDFconversion=\toks29
)
LaTeX Info: Redefining \celsius on input line 83.
Package gensymb Info: Faking symbols for \degree and \celsius on input line 83.



Package gensymb Warning: Not defining \perthousand.

LaTeX Info: Redefining \ohm on input line 83.
Package gensymb Info: Using \Omega for \ohm on input line 83.

Package gensymb Warning: Not defining \micro.

\c@lstlisting=\count135
\AtBeginShipoutBox=\box35
Package hyperref Info: Link coloring ON on input line 83.
(/usr/local/texlive/2018/texmf-dist/tex/latex/hyperref/nameref.sty
Package: nameref 2016/05/21 v2.44 Cross-referencing by name of section

(/usr/local/texlive/2018/texmf-dist/tex/generic/oberdiek/gettitlestring.sty
Package: gettitlestring 2016/05/16 v1.5 Cleanup title references (HO)
)
\c@section@level=\count136
)
LaTeX Info: Redefining \ref on input line 83.
LaTeX Info: Redefining \pageref on input line 83.
LaTeX Info: Redefining \nameref on input line 83.

(./main.out) (./main.out)
\@outlinefile=\write4
\openout4 = `main.out'.

LaTeX Font Info:    External font `cmex7' loaded for size
(Font)              <6> on input line 86.
LaTeX Font Info:    Try loading font information for U+msa on input line 86.

(/usr/local/texlive/2018/texmf-dist/tex/latex/amsfonts/umsa.fd
File: umsa.fd 2013/01/14 v3.01 AMS symbols A
)
LaTeX Font Info:    Try loading font information for U+msb on input line 86.

(/usr/local/texlive/2018/texmf-dist/tex/latex/amsfonts/umsb.fd
File: umsb.fd 2013/01/14 v3.01 AMS symbols B
)
Underfull \hbox (badness 10000) in paragraph at lines 91--92

 []

Package epstopdf Info: Source file: <Astlogo.eps>
(epstopdf)                    date: 2018-07-10 15:17:42
(epstopdf)                    size: 39910 bytes
(epstopdf)             Output file: <Astlogo-eps-converted-to.pdf>
(epstopdf)                    date: 2018-07-10 15:17:42
(epstopdf)                    size: 12646 bytes
(epstopdf)             Command: <repstopdf --outfile=Astlogo-eps-converted-to.p
df Astlogo.eps>
(epstopdf)             \includegraphics on input line 95.
Package epstopdf Info: Output file is already uptodate.
<Astlogo-eps-converted-to.pdf, id=237, 574.145pt x 157.58875pt>
File: Astlogo-eps-converted-to.pdf Graphic file (type pdf)
<use Astlogo-eps-converted-to.pdf>
Package pdftex.def Info: Astlogo-eps-converted-to.pdf  used on input line 95.
(pdftex.def)             Requested size: 142.26378pt x 39.046pt.

Overfull \hbox (56.90543pt too wide) in paragraph at lines 96--96
[][] 
 []


Overfull \hbox (24.00003pt too wide) in alignment at lines 86--98
[][]
 []

[1
Non-PDF special ignored!
<special> header=psfrag.pro

{/usr/local/texlive/2018/texmf-var/fonts/map/pdftex/updmap/pdftex.map} <./Astlo
go-eps-converted-to.pdf>]
\openout2 = `sections/abstract.aux'.

 (./sections/abstract.tex
Underfull \hbox (badness 10000) in paragraph at lines 3--4

 []


Underfull \hbox (badness 10000) in paragraph at lines 5--8

 []

) [2


] (./main.toc [3


])
\tf@toc=\write5
\openout5 = `main.toc'.

 [4] (./main.lof)
\tf@lof=\write6
\openout6 = `main.lof'.

 (./main.lot [5])
\tf@lot=\write7
\openout7 = `main.lot'.



Package Fancyhdr Warning: \headheight is too small (12.0pt): 
 Make it at least 13.59999pt.
 We now make it that large for the rest of the document.
 This may cause the page layout to be inconsistent, however.

[6]
\openout2 = `sections/Introduction.aux'.

 (./sections/Introduction.tex
Underfull \hbox (badness 10000) in paragraph at lines 3--4

 []


Underfull \hbox (badness 10000) in paragraph at lines 5--6

 []


Underfull \hbox (badness 10000) in paragraph at lines 7--8

 []


Underfull \hbox (badness 10000) in paragraph at lines 9--10

 []

[7

]) [8]
\openout2 = `sections/Pipelessplant.aux'.

 (./sections/Pipelessplant.tex
<Pictures/Plant.png, id=465, 675.52374pt x 453.695pt>
File: Pictures/Plant.png Graphic file (type png)
<use Pictures/Plant.png>
Package pdftex.def Info: Pictures/Plant.png  used on input line 12.
(pdftex.def)             Requested size: 398.33858pt x 267.53928pt.
 [9



 <./Pictures/Plant.png>]
LaTeX Font Info:    Try loading font information for OMS+cmr on input line 22.

(/usr/local/texlive/2018/texmf-dist/tex/latex/base/omscmr.fd
File: omscmr.fd 2014/09/29 v2.5h Standard LaTeX font definitions
)
LaTeX Font Info:    Font shape `OMS/cmr/m/n' in size <10.95> not available
(Font)              Font shape `OMS/cmsy/m/n' tried instead on input line 22.

Underfull \hbox (badness 10000) in paragraph at lines 33--34

 []

) [10]
\openout2 = `sections/selection_process.aux'.

 (./sections/selection_process.tex
Underfull \hbox (badness 10000) in paragraph at lines 3--4

 []

<Pictures/Triangulation.png, id=480, 471.26062pt x 252.945pt>
File: Pictures/Triangulation.png Graphic file (type png)
<use Pictures/Triangulation.png>
Package pdftex.def Info: Pictures/Triangulation.png  used on input line 11.
(pdftex.def)             Requested size: 455.24408pt x 244.35284pt.
<Pictures/acticetriangulation.png, id=485, 490.83376pt x 194.22563pt>
File: Pictures/acticetriangulation.png Graphic file (type png)
<use Pictures/acticetriangulation.png>
Package pdftex.def Info: Pictures/acticetriangulation.png  used on input line 2
0.
(pdftex.def)             Requested size: 455.24408pt x 180.14784pt.
[11


 <./Pictures/Triangulation.png>] [12 <./Pictures/acticetriangulation.png>]
[13]
<Pictures/triangulationimplementatio.png, id=503, 936.49875pt x 588.69937pt>
File: Pictures/triangulationimplementatio.png Graphic file (type png)
<use Pictures/triangulationimplementatio.png>
Package pdftex.def Info: Pictures/triangulationimplementatio.png  used on input
 line 31.
(pdftex.def)             Requested size: 455.24408pt x 286.17459pt.
LaTeX Font Info:    External font `cmex7' loaded for size
(Font)              <5> on input line 34.

Overfull \hbox (46.84563pt too wide) in paragraph at lines 41--50
 [][] 
 []


Overfull \hbox (57.62831pt too wide) in paragraph at lines 55--65
 [][] 
 []

[14 <./Pictures/triangulationimplementatio.png>] [15]
<Pictures/PR.png, id=523, 267.8808pt x 249.5724pt>
File: Pictures/PR.png Graphic file (type png)
<use Pictures/PR.png>
Package pdftex.def Info: Pictures/PR.png  used on input line 79.
(pdftex.def)             Requested size: 284.52756pt x 265.08623pt.
<Pictures/beliefgrid.png, id=525, 260.975pt x 210.7875pt>
File: Pictures/beliefgrid.png Graphic file (type png)
<use Pictures/beliefgrid.png>
Package pdftex.def Info: Pictures/beliefgrid.png  used on input line 89.
(pdftex.def)             Requested size: 199.16928pt x 160.86916pt.
<Pictures/snapshot.png, id=526, 276.03125pt x 203.76125pt>
File: Pictures/snapshot.png Graphic file (type png)
<use Pictures/snapshot.png>
Package pdftex.def Info: Pictures/snapshot.png  used on input line 95.
(pdftex.def)             Requested size: 227.62204pt x 168.03358pt.
 [16 <./Pictures/PR.png>]
Overfull \hbox (21.63017pt too wide) in paragraph at lines 104--118
 [][] 
 []

[17 <./Pictures/beliefgrid.png> <./Pictures/snapshot.png>]

Package hyperref Warning: Token not allowed in a PDF string (PDFDocEncoding):
(hyperref)                removing `\@ifnextchar' on input line 124.

<Pictures/amcl.png, id=542, 674.52pt x 406.1574pt>
File: Pictures/amcl.png Graphic file (type png)
<use Pictures/amcl.png>
Package pdftex.def Info: Pictures/amcl.png  used on input line 128.
(pdftex.def)             Requested size: 426.79134pt x 256.99605pt.

Underfull \hbox (badness 10000) in paragraph at lines 125--136

 []

<Pictures/global.png, id=547, 318.9516pt x 296.7888pt>
File: Pictures/global.png Graphic file (type png)
<use Pictures/global.png>
Package pdftex.def Info: Pictures/global.png  used on input line 142.
(pdftex.def)             Requested size: 170.71652pt x 158.85968pt.
<Pictures/local.png, id=548, 309.7974pt x 296.7888pt>
File: Pictures/local.png Graphic file (type png)
<use Pictures/local.png>
Package pdftex.def Info: Pictures/local.png  used on input line 148.
(pdftex.def)             Requested size: 170.71652pt x 163.55586pt.

Underfull \hbox (badness 1521) in paragraph at lines 157--163
\OT1/cmr/m/n/10.95 At ev-ery time $\OML/cmm/m/it/10.95 t$ \OT1/cmr/m/n/10.95 th
e al-go-rithm takes as in-put the pre-vi-ous pre-dic-tion $\OML/cmm/m/it/10.95 
X[] \OT1/cmr/m/n/10.95 =
 []

[18 <./Pictures/amcl.png>]
<Pictures/robotorientation.png, id=560, 313.17pt x 291.0072pt>
File: Pictures/robotorientation.png Graphic file (type png)
<use Pictures/robotorientation.png>
Package pdftex.def Info: Pictures/robotorientation.png  used on input line 170.

(pdftex.def)             Requested size: 170.71652pt x 158.63795pt.
<Pictures/correctionwithglobalmap.png, id=561, 323.7696pt x 313.17pt>
File: Pictures/correctionwithglobalmap.png Graphic file (type png)
<use Pictures/correctionwithglobalmap.png>
Package pdftex.def Info: Pictures/correctionwithglobalmap.png  used on input li
ne 176.
(pdftex.def)             Requested size: 170.71652pt x 165.12871pt.
 [19 <./Pictures/global.png> <./Pictures/local.png> <./Pictures/robotorientatio
n.png> <./Pictures/correctionwithglobalmap.png>]
Overfull \hbox (21.53896pt too wide) in paragraph at lines 187--207
 [][] 
 []

[20]
<Pictures/RFID_Passive.png, id=583, 482.55281pt x 289.83281pt>
File: Pictures/RFID_Passive.png Graphic file (type png)
<use Pictures/RFID_Passive.png>
Package pdftex.def Info: Pictures/RFID_Passive.png  used on input line 218.
(pdftex.def)             Requested size: 199.16928pt x 119.62384pt.
<Pictures/RFID_Active.png, id=585, 487.8225pt x 293.59688pt>
File: Pictures/RFID_Active.png Graphic file (type png)
<use Pictures/RFID_Active.png>
Package pdftex.def Info: Pictures/RFID_Active.png  used on input line 224.
(pdftex.def)             Requested size: 199.16928pt x 119.86926pt.
<Pictures/RFID_Systems.png, id=589, 390.70969pt x 266.49562pt>
File: Pictures/RFID_Systems.png Graphic file (type png)
<use Pictures/RFID_Systems.png>
Package pdftex.def Info: Pictures/RFID_Systems.png  used on input line 235.
(pdftex.def)             Requested size: 256.0748pt x 174.6718pt.

Overfull \hbox (15.4556pt too wide) in paragraph at lines 247--257
 [][] 
 []

) [21 <./Pictures/RFID_Passive.png> <./Pictures/RFID_Active.png>] [22 <./Pictur
es/RFID_Systems.png>] [23]
\openout2 = `sections/TheoreticalBackground.aux'.

 (./sections/TheoreticalBackground.tex
<Pictures/readertag.png, id=609, 372.1905pt x 127.4361pt>
File: Pictures/readertag.png Graphic file (type png)
<use Pictures/readertag.png>
Package pdftex.def Info: Pictures/readertag.png  used on input line 7.
(pdftex.def)             Requested size: 369.88582pt x 126.6463pt.
<Pictures/rfidsystem.png, id=611, 516.4896pt x 314.3745pt>
File: Pictures/rfidsystem.png Graphic file (type png)
<use Pictures/rfidsystem.png>
Package pdftex.def Info: Pictures/rfidsystem.png  used on input line 20.
(pdftex.def)             Requested size: 284.52756pt x 173.18951pt.

Underfull \hbox (badness 10000) in paragraph at lines 31--33

 []


Underfull \hbox (badness 10000) in paragraph at lines 31--33

 []

[24


 <./Pictures/readertag.png>]
<Pictures/rfidtotag.png, id=619, 705.5961pt x 389.0535pt>
File: Pictures/rfidtotag.png Graphic file (type png)
<use Pictures/rfidtotag.png>
Package pdftex.def Info: Pictures/rfidtotag.png  used on input line 42.
(pdftex.def)             Requested size: 369.88582pt x 203.94743pt.

Underfull \hbox (badness 10000) in paragraph at lines 46--49

 []

[25 <./Pictures/rfidsystem.png> <./Pictures/rfidtotag.png>]
<Pictures/Trilateration_1.png, id=631, 383.18156pt x 235.63031pt>
File: Pictures/Trilateration_1.png Graphic file (type png)
<use Pictures/Trilateration_1.png>
Package pdftex.def Info: Pictures/Trilateration_1.png  used on input line 58.
(pdftex.def)             Requested size: 369.88582pt x 227.46811pt.
 [26])
Underfull \hbox (badness 10000) in paragraph at lines 81--177

 []

[27 <./Pictures/Trilateration_1.png>]
\openout2 = `sections/Hardware.aux'.

 (./sections/Hardware.tex
<Pictures/Reader.png, id=656, 586.44093pt x 436.63126pt>
File: Pictures/Reader.png Graphic file (type png)
<use Pictures/Reader.png>
Package pdftex.def Info: Pictures/Reader.png  used on input line 7.
(pdftex.def)             Requested size: 227.62204pt x 169.47269pt.
<Pictures/Antenna.png, id=659, 289.08pt x 246.1697pt>
File: Pictures/Antenna.png Graphic file (type png)
<use Pictures/Antenna.png>
Package pdftex.def Info: Pictures/Antenna.png  used on input line 23.
(pdftex.def)             Requested size: 170.71652pt x 145.37407pt.

Underfull \hbox (badness 1033) in paragraph at lines 18--28
\OT1/cmr/m/n/10.95 To con-fig-ure the reader, KTS Sys-teme also pro-vides a sof
t-ware (Tag2Image) for free.
 []


Underfull \hbox (badness 10000) in paragraph at lines 18--28

 []


Underfull \hbox (badness 10000) in paragraph at lines 18--28

 []

[28


 <./Pictures/Reader.png>]
<Pictures/tag.png, id=666, 435.12563pt x 327.47343pt>
File: Pictures/tag.png Graphic file (type png)
<use Pictures/tag.png>
Package pdftex.def Info: Pictures/tag.png  used on input line 41.
(pdftex.def)             Requested size: 170.71652pt x 128.48364pt.
<Pictures/tagsfloor.png, id=667, 429.605pt x 358.33875pt>
File: Pictures/tagsfloor.png Graphic file (type png)
<use Pictures/tagsfloor.png>
Package pdftex.def Info: Pictures/tagsfloor.png  used on input line 47.
(pdftex.def)             Requested size: 170.71652pt x 142.39796pt.
<Pictures/wemos.png, id=673, 104.12233pt x 76.01733pt>
File: Pictures/wemos.png Graphic file (type png)
<use Pictures/wemos.png>
Package pdftex.def Info: Pictures/wemos.png  used on input line 59.
(pdftex.def)             Requested size: 142.26378pt x 103.87515pt.
 [29 <./Pictures/Antenna.png>]
<Pictures/roboschematic.png, id=678, 944.5689pt x 304.0158pt>
File: Pictures/roboschematic.png Graphic file (type png)
<use Pictures/roboschematic.png>
Package pdftex.def Info: Pictures/roboschematic.png  used on input line 76.
(pdftex.def)             Requested size: 369.88582pt x 119.04813pt.
 [30 <./Pictures/tag.png> <./Pictures/tagsfloor.png> <./Pictures/wemos.png>]
<Pictures/hwschematic.png, id=688, 1465.72594pt x 1046.40938pt>
File: Pictures/hwschematic.png Graphic file (type png)
<use Pictures/hwschematic.png>
Package pdftex.def Info: Pictures/hwschematic.png  used on input line 83.
(pdftex.def)             Requested size: 312.9803pt x 223.44081pt.
<Pictures/rfidonrobot.png, id=690, 474.27188pt x 438.13687pt>
File: Pictures/rfidonrobot.png Graphic file (type png)
<use Pictures/rfidonrobot.png>
Package pdftex.def Info: Pictures/rfidonrobot.png  used on input line 93.
(pdftex.def)             Requested size: 142.26378pt x 131.42201pt.
<Pictures/antennaonrobot.png, id=691, 386.94562pt x 355.3275pt>
File: Pictures/antennaonrobot.png Graphic file (type png)
<use Pictures/antennaonrobot.png>
Package pdftex.def Info: Pictures/antennaonrobot.png  used on input line 99.
(pdftex.def)             Requested size: 142.26378pt x 130.63956pt.
) [31 <./Pictures/roboschematic.png> <./Pictures/hwschematic.png>] [32 <./Pictu
res/rfidonrobot.png> <./Pictures/antennaonrobot.png>]
\openout2 = `sections/Simulation.aux'.

 (./sections/Simulation.tex
Underfull \hbox (badness 10000) in paragraph at lines 15--16

 []


Underfull \hbox (badness 10000) in paragraph at lines 18--22

 []

[33


]
<Pictures/RSSI_Distance.png, id=715, 1028.34187pt x 490.08093pt>
File: Pictures/RSSI_Distance.png Graphic file (type png)
<use Pictures/RSSI_Distance.png>
Package pdftex.def Info: Pictures/RSSI_Distance.png  used on input line 39.
(pdftex.def)             Requested size: 398.33858pt x 189.8371pt.

Underfull \hbox (badness 10000) in paragraph at lines 24--44

 []

[34 <./Pictures/RSSI_Distance.png (PNG copy)>]
Underfull \hbox (badness 10000) in paragraph at lines 46--48

 []

LaTeX Font Info:    Try loading font information for OML+cmr on input line 56.
(/usr/local/texlive/2018/texmf-dist/tex/latex/base/omlcmr.fd
File: omlcmr.fd 2014/09/29 v2.5h Standard LaTeX font definitions
)
LaTeX Font Info:    Font shape `OML/cmr/m/n' in size <10.95> not available
(Font)              Font shape `OML/cmm/m/it' tried instead on input line 56.
) [35]
\openout2 = `sections/Implementation.aux'.


(./sections/Implementation.tex
<Pictures/rfidwifi.png, id=728, 705.837pt x 436.9926pt>
File: Pictures/rfidwifi.png Graphic file (type png)
<use Pictures/rfidwifi.png>
Package pdftex.def Info: Pictures/rfidwifi.png  used on input line 7.
(pdftex.def)             Requested size: 398.33858pt x 246.62122pt.
<Pictures/wifinetwork.png, id=730, 674.0382pt x 413.8662pt>
File: Pictures/wifinetwork.png Graphic file (type png)
<use Pictures/wifinetwork.png>
Package pdftex.def Info: Pictures/wifinetwork.png  used on input line 14.
(pdftex.def)             Requested size: 398.33858pt x 244.5831pt.
<Pictures/wifipc.png, id=732, 695.2374pt x 418.6842pt>
File: Pictures/wifipc.png Graphic file (type png)
<use Pictures/wifipc.png>
Package pdftex.def Info: Pictures/wifipc.png  used on input line 21.
(pdftex.def)             Requested size: 398.33858pt x 239.89186pt.

Underfull \hbox (badness 10000) in paragraph at lines 4--25

 []

<Pictures/possible_initial_positions.png, id=734, 964.35281pt x 545.78906pt>
File: Pictures/possible_initial_positions.png Graphic file (type png)
<use Pictures/possible_initial_positions.png>
Package pdftex.def Info: Pictures/possible_initial_positions.png  used on input
 line 29.
(pdftex.def)             Requested size: 455.24408pt x 257.6535pt.
<Pictures/hazards.png, id=736, 964.35281pt x 545.78906pt>
File: Pictures/hazards.png Graphic file (type png)
<use Pictures/hazards.png>
Package pdftex.def Info: Pictures/hazards.png  used on input line 37.
(pdftex.def)             Requested size: 455.24408pt x 257.6535pt.
<Pictures/SFC_Init_Procedure.png, id=740, 137.01187pt x 307.90031pt>
File: Pictures/SFC_Init_Procedure.png Graphic file (type png)
<use Pictures/SFC_Init_Procedure.png>
Package pdftex.def Info: Pictures/SFC_Init_Procedure.png  used on input line 46
.
(pdftex.def)             Requested size: 113.81102pt x 255.7686pt.
<Pictures/Screenshot_Test_environment.png, id=742, 649.67719pt x 82.05656pt>
File: Pictures/Screenshot_Test_environment.png Graphic file (type png)
<use Pictures/Screenshot_Test_environment.png>
Package pdftex.def Info: Pictures/Screenshot_Test_environment.png  used on inpu
t line 53.
(pdftex.def)             Requested size: 455.24408pt x 57.50053pt.

Underfull \hbox (badness 10000) in paragraph at lines 26--59

 []


Underfull \hbox (badness 10000) in paragraph at lines 26--59

 []


Underfull \hbox (badness 10000) in paragraph at lines 26--59

 []


Underfull \hbox (badness 10000) in paragraph at lines 26--59

 []


Underfull \hbox (badness 10000) in paragraph at lines 26--59

 []


Underfull \hbox (badness 10000) in paragraph at lines 26--59

 []


Underfull \hbox (badness 10000) in paragraph at lines 26--59

 []


Underfull \hbox (badness 10000) in paragraph at lines 26--59

 []

[36


 <./Pictures/rfidwifi.png>] [37 <./Pictures/wifinetwork.png> <./Pictures/wifipc
.png>] [38 <./Pictures/possible_initial_positions.png>] [39 <./Pictures/hazards
.png>] [40 <./Pictures/SFC_Init_Procedure.png> <./Pictures/Screenshot_Test_envi
ronment.png>]
Underfull \hbox (badness 10000) in paragraph at lines 61--64

 []


Underfull \hbox (badness 10000) in paragraph at lines 66--85

 []

[41]
<Pictures/AnalyzeArray.png, id=785, 550.055pt x 460.72125pt>
File: Pictures/AnalyzeArray.png Graphic file (type png)
<use Pictures/AnalyzeArray.png>
Package pdftex.def Info: Pictures/AnalyzeArray.png  used on input line 113.
(pdftex.def)             Requested size: 284.52756pt x 238.32507pt.

Underfull \hbox (badness 10000) in paragraph at lines 105--119

 []


Underfull \hbox (badness 10000) in paragraph at lines 105--119

 []

[42]
<Pictures/BestIDs.png, id=793, 865.2325pt x 483.8075pt>
File: Pictures/BestIDs.png Graphic file (type png)
<use Pictures/BestIDs.png>
Package pdftex.def Info: Pictures/BestIDs.png  used on input line 125.
(pdftex.def)             Requested size: 455.24408pt x 254.55641pt.
<Pictures/Shape1.png, id=795, 39.89906pt x 39.89906pt>
File: Pictures/Shape1.png Graphic file (type png)
<use Pictures/Shape1.png>
Package pdftex.def Info: Pictures/Shape1.png  used on input line 135.
(pdftex.def)             Requested size: 36.98866pt x 36.98883pt.
<Pictures/Shape2.png, id=796, 74.52844pt x 39.89906pt>
File: Pictures/Shape2.png Graphic file (type png)
<use Pictures/Shape2.png>
Package pdftex.def Info: Pictures/Shape2.png  used on input line 135.
(pdftex.def)             Requested size: 73.97733pt x 39.6061pt.
<Pictures/Shape3.png, id=797, 74.52844pt x 39.89906pt>
File: Pictures/Shape3.png Graphic file (type png)
<use Pictures/Shape3.png>
Package pdftex.def Info: Pictures/Shape3.png  used on input line 135.
(pdftex.def)             Requested size: 73.97733pt x 39.6061pt.
<Pictures/Shape4.png, id=798, 74.52844pt x 74.52844pt>
File: Pictures/Shape4.png Graphic file (type png)
<use Pictures/Shape4.png>
Package pdftex.def Info: Pictures/Shape4.png  used on input line 135.
(pdftex.def)             Requested size: 73.97733pt x 73.98123pt.
<Pictures/Shape5.png, id=799, 74.52844pt x 75.28125pt>
File: Pictures/Shape5.png Graphic file (type png)
<use Pictures/Shape5.png>
Package pdftex.def Info: Pictures/Shape5.png  used on input line 135.
(pdftex.def)             Requested size: 73.97733pt x 74.72852pt.

Overfull \hbox (18.82144pt too wide) in paragraph at lines 132--137
 [][] 
 []

[43 <./Pictures/AnalyzeArray.png>] [44 <./Pictures/BestIDs.png> <./Pictures/Sha
pe1.png> <./Pictures/Shape2.png> <./Pictures/Shape3.png> <./Pictures/Shape4.png
> <./Pictures/Shape5.png>]
Underfull \hbox (badness 10000) in paragraph at lines 150--152

 []


LaTeX Warning: Reference `Sec_Imp_Ini' on page 45 undefined on input line 154.

<Pictures/Center_Rob.png, id=812, 402.00188pt x 405.01312pt>
File: Pictures/Center_Rob.png Graphic file (type png)
<use Pictures/Center_Rob.png>
Package pdftex.def Info: Pictures/Center_Rob.png  used on input line 160.
(pdftex.def)             Requested size: 156.49014pt x 157.65784pt.
<Pictures/Orientation.png, id=813, 402.00188pt x 405.01312pt>
File: Pictures/Orientation.png Graphic file (type png)
<use Pictures/Orientation.png>
Package pdftex.def Info: Pictures/Orientation.png  used on input line 166.
(pdftex.def)             Requested size: 156.49014pt x 157.65784pt.

Underfull \hbox (badness 10000) in paragraph at lines 175--179

 []

[45]
<Pictures/TestSetup.png, id=824, 516.42938pt x 387.69844pt>
File: Pictures/TestSetup.png Graphic file (type png)
<use Pictures/TestSetup.png>
Package pdftex.def Info: Pictures/TestSetup.png  used on input line 184.
(pdftex.def)             Requested size: 398.33858pt x 299.0552pt.

Underfull \hbox (badness 10000) in paragraph at lines 181--202

 []

[46 <./Pictures/Center_Rob.png> <./Pictures/Orientation.png>] [47 <./Pictures/T
estSetup.png>]
<Pictures/ResultX.png, id=838, 511.9125pt x 185.94469pt>
File: Pictures/ResultX.png Graphic file (type png)
<use Pictures/ResultX.png>
Package pdftex.def Info: Pictures/ResultX.png  used on input line 207.
(pdftex.def)             Requested size: 398.33858pt x 144.69011pt.
<Pictures/ResultY.png, id=839, 511.15968pt x 185.94469pt>
File: Pictures/ResultY.png Graphic file (type png)
<use Pictures/ResultY.png>
Package pdftex.def Info: Pictures/ResultY.png  used on input line 214.
(pdftex.def)             Requested size: 398.33858pt x 144.9029pt.
<Pictures/ResultO.png, id=840, 509.65407pt x 185.94469pt>
File: Pictures/ResultO.png Graphic file (type png)
<use Pictures/ResultO.png>
Package pdftex.def Info: Pictures/ResultO.png  used on input line 221.
(pdftex.def)             Requested size: 398.33858pt x 145.337pt.

Underfull \hbox (badness 10000) in paragraph at lines 204--227

 []

[48 <./Pictures/ResultX.png> <./Pictures/ResultY.png>]) [49 <./Pictures/ResultO
.png>]
\openout2 = `sections/Conclusion.aux'.

 (./sections/Conclusion.tex) [50


]
\openout2 = `sections/futurework.aux'.

 (./sections/futurework.tex
Underfull \hbox (badness 10000) in paragraph at lines 7--8

 []

) [51


]
\openout2 = `sections/References.aux'.

 (./sections/References.tex (./main.bbl [52


])) [53]
\openout2 = `sections/Appendixes.aux'.


(./sections/Appendixes.tex (./code/Emulator.m
LaTeX Font Info:    Font shape `OML/cmr/m/n' in size <8> not available
(Font)              Font shape `OML/cmm/m/it' tried instead on input line 16.
LaTeX Font Info:    Font shape `OMS/cmr/m/n' in size <8> not available
(Font)              Font shape `OMS/cmsy/m/n' tried instead on input line 40.
 [54


] [55] [56])
(/usr/local/texlive/2018/texmf-dist/tex/latex/listings/lstlang1.sty
File: lstlang1.sty 2015/06/04 1.6 listings language file
)
(/usr/local/texlive/2018/texmf-dist/tex/latex/listings/lstmisc.sty
File: lstmisc.sty 2015/06/04 1.6 (Carsten Heinz)
) [57]
(./code/Receive.cs
LaTeX Font Info:    Font shape `OT1/cmtt/bx/n' in size <9> not available
(Font)              Font shape `OT1/cmtt/m/n' tried instead on input line 27.
 [58] [59] [60]) [61] (./code/Init1.cs) (./code/turn.cs
[62] [63]) (./code/fillingarray.cs [64]) (./code/arraysolutions.cs [65]
[66] [67]) (./code/positionestimation.cs [68] [69] [70]) (./code/Init3.cs
[71]) [72] (./code/Init4.cs) (./code/Init5.cs [73]) (./code/Init6.cs [74]
Overfull \hbox (109.07428pt too wide) in paragraph at lines 66--67
[][][][] 
 []

[75]
Overfull \hbox (109.07428pt too wide) in paragraph at lines 111--112
[][][][] 
 []

[76]
Overfull \hbox (109.07428pt too wide) in paragraph at lines 148--149
[][][][] 
 []

[77] [78]
Overfull \hbox (109.07428pt too wide) in paragraph at lines 216--217
[][][][] 
 []

[79]) (./code/Init7.cs [80]) [81] (./code/wifi_init.ino) (./code/com_launch.ino
[82]) [83] (./code/read_tags.ino) (./code/publish.ino [84]) (./code/config.ino)
[85]
<Pictures/communication.png, id=2347, 691.6239pt x 411.4572pt>
File: Pictures/communication.png Graphic file (type png)
<use Pictures/communication.png>
Package pdftex.def Info: Pictures/communication.png  used on input line 77.
(pdftex.def)             Requested size: 426.79134pt x 253.91422pt.
) [86 <./Pictures/communication.png>]
Package atveryend Info: Empty hook `BeforeClearDocument' on input line 210.
Package atveryend Info: Empty hook `AfterLastShipout' on input line 210.
 (./main.aux (./sections/abstract.aux) (./sections/Introduction.aux) (./section
s/Pipelessplant.aux)
(./sections/selection_process.aux) (./sections/TheoreticalBackground.aux)
(./sections/Hardware.aux) (./sections/Simulation.aux)
(./sections/Implementation.aux) (./sections/Conclusion.aux)
(./sections/futurework.aux) (./sections/References.aux)
(./sections/Appendixes.aux))
Package atveryend Info: Executing hook `AtVeryEndDocument' on input line 210.
Package atveryend Info: Executing hook `AtEndAfterFileList' on input line 210.


Package rerunfilecheck Warning: File `main.out' has changed.
(rerunfilecheck)                Rerun to get outlines right
(rerunfilecheck)                or use package `bookmark'.

Package rerunfilecheck Info: Checksums for `main.out':
(rerunfilecheck)             Before: 8EB4C710C27909BCDDD609EEF05AD7BC;4458
(rerunfilecheck)             After:  0C8EBCB0AFD3ADE1654B23E34DA873DA;4482.

LaTeX Warning: There were undefined references.


LaTeX Warning: There were multiply-defined labels.

Package atveryend Info: Empty hook `AtVeryVeryEnd' on input line 210.
 ) 
Here is how much of TeX's memory you used:
 12376 strings out of 492649
 176978 string characters out of 6129622
 484156 words of memory out of 5000000
 14322 multiletter control sequences out of 15000+600000
 14570 words of font info for 56 fonts, out of 8000000 for 9000
 1141 hyphenation exceptions out of 8191
 42i,16n,61p,3041b,2311s stack positions out of 5000i,500n,10000p,200000b,80000s
pdfTeX warning (dest): name{Hfootnote.2} has been referenced but does not exi
st, replaced by a fixed one

pdfTeX warning (dest): name{Hfootnote.1} has been referenced but does not exist
, replaced by a fixed one

</usr/local/texlive/2018/texmf-dist/fonts/type1/public/amsfonts/cm/cmbx10.pfb><
/usr/local/texlive/2018/texmf-dist/fonts/type1/public/amsfonts/cm/cmbx12.pfb></
usr/local/texlive/2018/texmf-dist/fonts/type1/public/amsfonts/cm/cmex10.pfb></u
sr/local/texlive/2018/texmf-dist/fonts/type1/public/amsfonts/cm/cmitt10.pfb></u
sr/local/texlive/2018/texmf-dist/fonts/type1/public/amsfonts/cm/cmmi10.pfb></us
r/local/texlive/2018/texmf-dist/fonts/type1/public/amsfonts/cm/cmmi8.pfb></usr/
local/texlive/2018/texmf-dist/fonts/type1/public/amsfonts/cm/cmr10.pfb></usr/lo
cal/texlive/2018/texmf-dist/fonts/type1/public/amsfonts/cm/cmr17.pfb></usr/loca
l/texlive/2018/texmf-dist/fonts/type1/public/amsfonts/cm/cmr6.pfb></usr/local/t
exlive/2018/texmf-dist/fonts/type1/public/amsfonts/cm/cmr8.pfb></usr/local/texl
ive/2018/texmf-dist/fonts/type1/public/amsfonts/cm/cmr9.pfb></usr/local/texlive
/2018/texmf-dist/fonts/type1/public/amsfonts/cm/cmss10.pfb></usr/local/texlive/
2018/texmf-dist/fonts/type1/public/amsfonts/cm/cmssbx10.pfb></usr/local/texlive
/2018/texmf-dist/fonts/type1/public/amsfonts/cm/cmsy10.pfb></usr/local/texlive/
2018/texmf-dist/fonts/type1/public/amsfonts/cm/cmsy6.pfb></usr/local/texlive/20
18/texmf-dist/fonts/type1/public/amsfonts/cm/cmsy8.pfb></usr/local/texlive/2018
/texmf-dist/fonts/type1/public/amsfonts/cm/cmti10.pfb></usr/local/texlive/2018/
texmf-dist/fonts/type1/public/amsfonts/cm/cmti12.pfb></usr/local/texlive/2018/t
exmf-dist/fonts/type1/public/amsfonts/cm/cmtt10.pfb></usr/local/texlive/2018/te
xmf-dist/fonts/type1/public/amsfonts/cm/cmtt9.pfb></usr/local/texlive/2018/texm
f-dist/fonts/type1/public/eurosym/feymr10.pfb>
Output written on main.pdf (86 pages, 10378885 bytes).
PDF statistics:
 2744 PDF objects out of 2984 (max. 8388607)
 2519 compressed objects within 26 object streams
 1559 named destinations out of 1728 (max. 500000)
 720 words of extra memory for PDF output out of 10000 (max. 10000000)

