\BOOKMARK [1][-]{section.1}{Introduction}{}% 1
\BOOKMARK [1][-]{section.2}{Pipeless Plant}{}% 2
\BOOKMARK [2][-]{subsection.2.1}{Existing setup}{section.2}% 3
\BOOKMARK [2][-]{subsection.2.2}{Problems with the Existing Setup}{section.2}% 4
\BOOKMARK [1][-]{section.3}{Selection Process}{}% 5
\BOOKMARK [2][-]{subsection.3.1}{Triangulation}{section.3}% 6
\BOOKMARK [2][-]{subsection.3.2}{Pattern Recognition}{section.3}% 7
\BOOKMARK [2][-]{subsection.3.3}{RFID}{section.3}% 8
\BOOKMARK [2][-]{subsection.3.4}{Map-Based Localization}{section.3}% 9
\BOOKMARK [1][-]{section.4}{Theoretical Background}{}% 10
\BOOKMARK [2][-]{subsection.4.1}{Radio Frequency Identification}{section.4}% 11
\BOOKMARK [2][-]{subsection.4.2}{Trilateration}{section.4}% 12
\BOOKMARK [2][-]{subsection.4.3}{Simulation}{section.4}% 13
\BOOKMARK [2][-]{subsection.4.4}{...}{section.4}% 14
\BOOKMARK [1][-]{section.5}{Simulation}{}% 15
\BOOKMARK [2][-]{subsection.5.1}{Emulator}{section.5}% 16
\BOOKMARK [2][-]{subsection.5.2}{RSSI Measurements with real HW}{section.5}% 17
\BOOKMARK [2][-]{subsection.5.3}{Simulation with emulated data}{section.5}% 18
\BOOKMARK [2][-]{subsection.5.4}{Results}{section.5}% 19
\BOOKMARK [1][-]{section.6}{Implementation}{}% 20
\BOOKMARK [1][-]{section.7}{Hardware}{}% 21
\BOOKMARK [2][-]{subsection.7.1}{Communication \(Abdul and/or Stefan\)}{section.7}% 22
\BOOKMARK [2][-]{subsection.7.2}{Initialization procedure \(Stephan and Stefan\)}{section.7}% 23
\BOOKMARK [3][-]{subsubsection.7.2.1}{Recording and filtering data \(Stefan\)}{subsection.7.2}% 24
\BOOKMARK [3][-]{subsubsection.7.2.2}{Analysing data \(Stefan\)}{subsection.7.2}% 25
\BOOKMARK [3][-]{subsubsection.7.2.3}{Estimation of position and orientation \(Stephan\)}{subsection.7.2}% 26
\BOOKMARK [2][-]{subsection.7.3}{Results}{section.7}% 27
\BOOKMARK [2][-]{subsection.7.4}{Improvements}{section.7}% 28
\BOOKMARK [1][-]{section.8}{Conclusion}{}% 29
\BOOKMARK [1][-]{section.9}{Future Work}{}% 30
\BOOKMARK [1][-]{section.10}{References}{}% 31
\BOOKMARK [1][-]{section.11}{Appendixes}{}% 32
